[debug] [2024-02-23T06:23:10.272Z] ----------------------------------------------------------------------
[debug] [2024-02-23T06:23:10.274Z] Command:       C:\Program Files\nodejs\node.exe C:\Users\DELL\AppData\Roaming\npm\node_modules\firebase-tools\lib\bin\firebase.js init
[debug] [2024-02-23T06:23:10.274Z] CLI Version:   13.2.1
[debug] [2024-02-23T06:23:10.275Z] Platform:      win32
[debug] [2024-02-23T06:23:10.275Z] Node Version:  v18.18.2
[debug] [2024-02-23T06:23:10.276Z] Time:          Fri Feb 23 2024 11:53:10 GMT+0530 (India Standard Time)
[debug] [2024-02-23T06:23:10.276Z] ----------------------------------------------------------------------
[debug] 
[debug] [2024-02-23T06:23:10.289Z] >>> [apiv2][query] GET https://firebase-public.firebaseio.com/cli.json [none]
[debug] [2024-02-23T06:23:10.336Z] > command requires scopes: ["email","openid","https://www.googleapis.com/auth/cloudplatformprojects.readonly","https://www.googleapis.com/auth/firebase","https://www.googleapis.com/auth/cloud-platform"]
[debug] [2024-02-23T06:23:10.336Z] > authorizing via signed-in user (sivaprasad.ksp01@gmail.com)
[info] 
     ######## #### ########  ######## ########     ###     ######  ########
     ##        ##  ##     ## ##       ##     ##  ##   ##  ##       ##
     ######    ##  ########  ######   ########  #########  ######  ######
     ##        ##  ##    ##  ##       ##     ## ##     ##       ## ##
     ##       #### ##     ## ######## ########  ##     ##  ######  ########

You're about to initialize a Firebase project in this directory:

  D:\Github\ai-

[debug] [2024-02-23T06:23:10.925Z] <<< [apiv2][status] GET https://firebase-public.firebaseio.com/cli.json 200
[debug] [2024-02-23T06:23:10.926Z] <<< [apiv2][body] GET https://firebase-public.firebaseio.com/cli.json {"cloudBuildErrorAfter":1594252800000,"cloudBuildWarnAfter":1590019200000,"defaultNode10After":1594252800000,"minVersion":"3.0.5","node8DeploysDisabledAfter":1613390400000,"node8RuntimeDisabledAfter":1615809600000,"node8WarnAfter":1600128000000}
